<?xml version="1.0" encoding="UTF-8"?>
<!-- Generated by org.testng.reporters.JUnitReportReporter -->
<testsuite skipped="0" hostname="dineshkila" name="com.tealium.testcases.ProductAvailabilityPageTest" tests="1" failures="0" timestamp="31 Jan 2023 08:45:15 GMT" time="92.342" errors="0">
  <testcase name="ProductSelectTest" time="92.342" classname="com.tealium.testcases.ProductAvailabilityPageTest"/>
</testsuite> <!-- com.tealium.testcases.ProductAvailabilityPageTest -->
