<?xml version="1.0" encoding="UTF-8"?>
<!-- Generated by org.testng.reporters.JUnitReportReporter -->
<testsuite skipped="0" hostname="dineshkila" name="com.tealium.testcases.IndexPageTest" tests="1" failures="0" timestamp="09 Feb 2023 08:01:37 GMT" time="88.350" errors="0">
  <testcase name="verifyMyLogo" time="88.350" classname="com.tealium.testcases.IndexPageTest"/>
</testsuite> <!-- com.tealium.testcases.IndexPageTest -->
